  Array.c
  Array_project.c
C:\Users\Eunryong\Desktop\C\Coding\Array_project.c(5,7): warning C4013: 'srand'이(가) 정의되지 않았습니다. extern은 int형을 반환하는 것으로 간주합니다.
C:\Users\Eunryong\Desktop\C\Coding\Array_project.c(8,22): warning C4013: 'rand'이(가) 정의되지 않았습니다. extern은 int형을 반환하는 것으로 간주합니다.
  condition.c
C:\Users\Eunryong\Desktop\C\Coding\condition.c(90,12): warning C4244: '함수': 'time_t'에서 'unsigned int'(으)로 변환하면서 데이터가 손실될 수 있습니다.
  function.c
  function_project.c
C:\Users\Eunryong\Desktop\C\Coding\function_project.c(15,7): warning C4013: 'srand'이(가) 정의되지 않았습니다. extern은 int형을 반환하는 것으로 간주합니다.
C:\Users\Eunryong\Desktop\C\Coding\function_project.c(29,8): warning C4013: 'exit'이(가) 정의되지 않았습니다. extern은 int형을 반환하는 것으로 간주합니다.
C:\Users\Eunryong\Desktop\C\Coding\function_project.c(48,13): warning C4013: 'rand'이(가) 정의되지 않았습니다. extern은 int형을 반환하는 것으로 간주합니다.
  loop.c
  pointer.c
  pointer_project.c
C:\Users\Eunryong\Desktop\C\Coding\pointer_project.c(17,6): warning C4101: 'num' :참조되지 않은 지역 변수입니다.
  printfscanf.c
C:\Users\Eunryong\Desktop\C\Coding\printfscanf.c(52,10): warning C4477: 'scanf_s' : 서식 문자열 '%s'에 'unsigned int' 형식의 인수가 필요하지만 variadic 인수 2의 형식이 'size_t'입니다.
C:\Users\Eunryong\Desktop\C\Coding\printfscanf.c(52,10): message : 이 인수는 버퍼 크기로 사용됩니다.
C:\Users\Eunryong\Desktop\C\Coding\printfscanf.c(60,10): warning C4477: 'scanf_s' : 서식 문자열 '%s'에 'unsigned int' 형식의 인수가 필요하지만 variadic 인수 2의 형식이 'size_t'입니다.
C:\Users\Eunryong\Desktop\C\Coding\printfscanf.c(60,10): message : 이 인수는 버퍼 크기로 사용됩니다.
C:\Users\Eunryong\Desktop\C\Coding\printfscanf.c(64,10): warning C4477: 'scanf_s' : 서식 문자열 '%s'에 'unsigned int' 형식의 인수가 필요하지만 variadic 인수 2의 형식이 'size_t'입니다.
C:\Users\Eunryong\Desktop\C\Coding\printfscanf.c(64,10): message : 이 인수는 버퍼 크기로 사용됩니다.
  random.c
C:\Users\Eunryong\Desktop\C\Coding\random.c(15,12): warning C4244: '함수': 'time_t'에서 'unsigned int'(으)로 변환하면서 데이터가 손실될 수 있습니다.
  코드를 생성하고 있습니다...
  Coding.vcxproj -> C:\Users\Eunryong\Desktop\C\Coding\x64\Debug\Coding.exe
